<?xml version="1.0" encoding="UTF-8"?>
<!-- Generated by org.testng.reporters.JUnitReportReporter -->
<testsuite hostname="DESKTOP-SAS94KC" failures="0" tests="5" name="com.Module1.Login.LoginTest" time="9.572" errors="0" timestamp="2024-11-06T13:29:43 IST" skipped="0">
  <testcase classname="com.Module1.Login.LoginTest" name="loginTest" time="1.785"/>
  <testcase classname="com.Module1.Login.LoginTest" name="loginTest" time="4.339"/>
  <testcase classname="com.Module1.Login.LoginTest" name="loginTest" time="0.242"/>
  <testcase classname="com.Module1.Login.LoginTest" name="loginTest" time="1.367"/>
  <testcase classname="com.Module1.Login.LoginTest" name="loginTest" time="1.839"/>
</testsuite> <!-- com.Module1.Login.LoginTest -->
