<?xml version="1.0" encoding="UTF-8"?>
<!-- Generated by org.testng.reporters.JUnitReportReporter -->
<testsuite hostname="DESKTOP-SAS94KC" failures="0" tests="3" name="com.Module2.Admin.LoginPageTest" time="3.290" errors="0" timestamp="2024-11-11T18:45:02 IST" skipped="0">
  <testcase classname="com.Module2.Admin.LoginPageTest" name="loginTest" time="3.137"/>
  <testcase classname="com.Module2.Admin.LoginPageTest" name="validateUrl" time="0.130"/>
  <testcase classname="com.Module2.Admin.LoginPageTest" name="validateTitle" time="0.023"/>
</testsuite> <!-- com.Module2.Admin.LoginPageTest -->
